
 RUN  v4.0.18 /Users/arimendelow/Projects/ouroboros-agent-harness

 ❯ src/__tests__/docs/testing-guide.contract.test.ts (1 test | 1 failed) 5ms
     × documents the required end-to-end ouro workflow 4ms

⎯⎯⎯⎯⎯⎯⎯ Failed Tests 1 ⎯⎯⎯⎯⎯⎯⎯

 FAIL  src/__tests__/docs/testing-guide.contract.test.ts > docs/testing-guide contract > documents the required end-to-end ouro workflow
AssertionError: expected false to be true // Object.is equality

- Expected
+ Received

- true
+ false

 ❯ src/__tests__/docs/testing-guide.contract.test.ts:8:38
      6|   it("documents the required end-to-end ouro workflow", () => {
      7|     const guidePath = path.resolve(process.cwd(), "docs", "testing-gui…
      8|     expect(fs.existsSync(guidePath)).toBe(true)
       |                                      ^
      9| 
     10|     const content = fs.readFileSync(guidePath, "utf-8")

⎯⎯⎯⎯⎯⎯⎯⎯⎯⎯⎯⎯⎯⎯⎯⎯⎯⎯⎯⎯⎯⎯⎯⎯[1/1]⎯


 Test Files  1 failed (1)
      Tests  1 failed (1)
   Start at  04:00:37
   Duration  191ms (transform 33ms, setup 43ms, import 6ms, tests 5ms, environment 0ms)

