
 RUN  v4.0.18 /Users/arimendelow/Projects/ouroboros-agent-harness-bluebubbles
      Coverage enabled with v8

 ✓ src/__tests__/senses/bluebubbles.test.ts (14 tests) 112ms
 ✓ src/__tests__/senses/bluebubbles-client.test.ts (18 tests) 55ms
[36m07:31:51 INFO [senses] recorded bluebubbles mutation to sidecar log {"agentName":"slugger","mutationType":"read","messageGuid":"msg-1","path":"/var/folders/md/_fkq3wc92_z55cgtlrfrcfh40000gn/T/bb-mutation-log-fxMyZQ/.agentstate/slugger/senses/bluebubbles/mutations/chat_any;+;group_id_thread_reply.ndjson"}[0m
[36m07:31:51 INFO [senses] recorded bluebubbles mutation to sidecar log {"agentName":"slugger","mutationType":"edit","messageGuid":"msg-2","path":"/var/folders/md/_fkq3wc92_z55cgtlrfrcfh40000gn/T/bb-mutation-log-fxMyZQ/.agentstate/slugger/senses/bluebubbles/mutations/chat_any;+;group_id_thread_reply.ndjson"}[0m
[36m07:31:51 INFO [senses] recorded bluebubbles mutation to sidecar log {"agentName":"slugger","mutationType":"delivery","messageGuid":"msg-3","path":"/var/folders/md/_fkq3wc92_z55cgtlrfrcfh40000gn/T/bb-mutation-log-yvALrC/.agentstate/slugger/senses/bluebubbles/mutations/chat_identifier_group-only.ndjson"}[0m
 ✓ src/__tests__/senses/bluebubbles-mutation-log.test.ts (2 tests) 11ms

 Test Files  3 passed (3)
      Tests  34 passed (34)
   Start at  23:31:50
   Duration  846ms (transform 203ms, setup 71ms, import 98ms, tests 178ms, environment 0ms)

 % Coverage report from v8
-------------------|---------|----------|---------|---------|-------------------
File               | % Stmts | % Branch | % Funcs | % Lines | Uncovered Line #s 
-------------------|---------|----------|---------|---------|-------------------
All files          |     100 |      100 |     100 |     100 |                   
 ...bles-client.ts |     100 |      100 |     100 |     100 |                   
 ...utation-log.ts |     100 |      100 |     100 |     100 |                   
 bluebubbles.ts    |     100 |      100 |     100 |     100 |                   
-------------------|---------|----------|---------|---------|-------------------
