
 RUN  v4.0.18 /Users/arimendelow/Projects/ouroboros-agent-harness-bluebubbles
      Coverage enabled with v8

[36m06:50:36 INFO [senses] normalized bluebubbles event {"eventType":"new-message","kind":"message","mutationType":null,"sessionKey":"chat:any;-;ari@mendelow.me","fromMe":false}[0m
[36m06:50:36 INFO [senses] normalized bluebubbles event {"eventType":"new-message","kind":"message","mutationType":null,"sessionKey":"chat:any;-;ari@mendelow.me","fromMe":false}[0m
[36m06:50:36 INFO [senses] normalized bluebubbles event {"eventType":"new-message","kind":"message","mutationType":null,"sessionKey":"chat:any;-;ari@mendelow.me","fromMe":false}[0m
[36m06:50:36 INFO [senses] normalized bluebubbles event {"eventType":"new-message","kind":"message","mutationType":null,"sessionKey":"chat:any;-;ari@mendelow.me:thread:54D4109C-7170-41A1-8161-F6F8C863CC0D","fromMe":false}[0m
[36m06:50:36 INFO [senses] normalized bluebubbles event {"eventType":"new-message","kind":"message","mutationType":null,"sessionKey":"chat:any;+;35820e69c97c459992d29a334f412979:thread:3E02B90F-D374-4381-BDD2-3572D3EB1195","fromMe":false}[0m
[36m06:50:36 INFO [senses] normalized bluebubbles event {"eventType":"new-message","kind":"mutation","mutationType":"reaction","sessionKey":"chat:any;-;ari@mendelow.me","fromMe":false}[0m
[36m06:50:36 INFO [senses] normalized bluebubbles event {"eventType":"updated-message","kind":"mutation","mutationType":"edit","sessionKey":"chat:any;-;ari@mendelow.me","fromMe":false}[0m
[36m06:50:36 INFO [senses] normalized bluebubbles event {"eventType":"updated-message","kind":"mutation","mutationType":"unsend","sessionKey":"chat:any;-;ari@mendelow.me","fromMe":false}[0m
[36m06:50:36 INFO [senses] normalized bluebubbles event {"eventType":"updated-message","kind":"mutation","mutationType":"read","sessionKey":"chat:any;-;ari@mendelow.me","fromMe":false}[0m
[36m06:50:36 INFO [senses] normalized bluebubbles event {"eventType":"new-message","kind":"message","mutationType":null,"sessionKey":"chat_identifier:+1 (973) 508-0289","fromMe":false}[0m
[36m06:50:36 INFO [senses] normalized bluebubbles event {"eventType":"new-message","kind":"message","mutationType":null,"sessionKey":"chat_identifier:unknown","fromMe":false}[0m
[36m06:50:36 INFO [senses] normalized bluebubbles event {"eventType":"updated-message","kind":"mutation","mutationType":"delivery","sessionKey":"chat:any;-;ari@mendelow.me","fromMe":false}[0m
[36m06:50:36 INFO [senses] normalized bluebubbles event {"eventType":"updated-message","kind":"mutation","mutationType":"edit","sessionKey":"chat:any;-;ari@mendelow.me","fromMe":false}[0m
[36m06:50:36 INFO [senses] normalized bluebubbles event {"eventType":"updated-message","kind":"mutation","mutationType":"edit","sessionKey":"chat:any;-;ari@mendelow.me","fromMe":false}[0m
[36m06:50:36 INFO [senses] normalized bluebubbles event {"eventType":"updated-message","kind":"message","mutationType":null,"sessionKey":"chat:any;-;ari@mendelow.me","fromMe":false}[0m
[36m06:50:36 INFO [senses] normalized bluebubbles event {"eventType":"new-message","kind":"message","mutationType":null,"sessionKey":"chat:any;-;ari@mendelow.me","fromMe":false}[0m
[36m06:50:36 INFO [senses] normalized bluebubbles event {"eventType":"new-message","kind":"mutation","mutationType":"reaction","sessionKey":"chat:any;-;ari@mendelow.me","fromMe":false}[0m
[36m06:50:36 INFO [senses] normalized bluebubbles event {"eventType":"new-message","kind":"mutation","mutationType":"reaction","sessionKey":"chat:any;-;ari@mendelow.me","fromMe":false}[0m
[36m06:50:36 INFO [senses] normalized bluebubbles event {"eventType":"new-message","kind":"message","mutationType":null,"sessionKey":"chat:chat-guid-only","fromMe":false}[0m
[36m06:50:36 INFO [senses] normalized bluebubbles event {"eventType":"new-message","kind":"message","mutationType":null,"sessionKey":"chat_identifier:unknown","fromMe":false}[0m
[36m06:50:36 INFO [senses] normalized bluebubbles event {"eventType":"new-message","kind":"message","mutationType":null,"sessionKey":"chat:any;-;","fromMe":false}[0m
[33m06:50:36 WARN [senses] ignored invalid bluebubbles payload {"hasEnvelope":false,"eventType":""}[0m
[33m06:50:36 WARN [senses] ignored bluebubbles payload without guid {"eventType":"new-message"}[0m
 ✓ src/__tests__/senses/bluebubbles-model.test.ts (20 tests) 20ms

 Test Files  1 passed (1)
      Tests  20 passed (20)
   Start at  22:50:35
   Duration  226ms (transform 54ms, setup 33ms, import 24ms, tests 20ms, environment 0ms)

 % Coverage report from v8
-------------------|---------|----------|---------|---------|-------------------
File               | % Stmts | % Branch | % Funcs | % Lines | Uncovered Line #s 
-------------------|---------|----------|---------|---------|-------------------
All files          |     100 |      100 |     100 |     100 |                   
 ...bbles-model.ts |     100 |      100 |     100 |     100 |                   
-------------------|---------|----------|---------|---------|-------------------
