
> @ouro.bot/cli@0.1.0-alpha.4 test
> vitest run --run src/__tests__/senses/bluebubbles-model.test.ts


 RUN  v4.0.18 /Users/arimendelow/Projects/ouroboros-agent-harness-bluebubbles

 ❯ src/__tests__/senses/bluebubbles-model.test.ts (9 tests | 9 failed) 15ms
     × normalizes a DM OG-card message with explicit fallback context 6ms
     × normalizes image attachments into explicit fallback text 2ms
     × normalizes audio attachments into explicit fallback text 2ms
     × uses threadOriginatorGuid to derive a DM thread session 1ms
     × uses group chat identity plus threadOriginatorGuid for group thread sessions 1ms
     × normalizes associated-message reactions as first-class mutations 1ms
     × normalizes edited-message updates as notifyable mutations 1ms
     × normalizes unsent-message updates as notifyable mutations 1ms
     × normalizes read/delivery state changes without dropping them silently 1ms

⎯⎯⎯⎯⎯⎯⎯ Failed Tests 9 ⎯⎯⎯⎯⎯⎯⎯

 FAIL  src/__tests__/senses/bluebubbles-model.test.ts > normalizeBlueBubblesEvent > normalizes a DM OG-card message with explicit fallback context
Error: Cannot find module '/src/senses/bluebubbles-model' imported from '/Users/arimendelow/Projects/ouroboros-agent-harness-bluebubbles/src/__tests__/senses/bluebubbles-model.test.ts'
 ❯ src/__tests__/senses/bluebubbles-model.test.ts:278:43
    276| describe("normalizeBlueBubblesEvent", () => {
    277|   it("normalizes a DM OG-card message with explicit fallback context",…
    278|     const { normalizeBlueBubblesEvent } = await import("../../senses/b…
       |                                           ^
    279|     const result = normalizeBlueBubblesEvent(dmOgPayload)
    280| 

⎯⎯⎯⎯⎯⎯⎯⎯⎯⎯⎯⎯⎯⎯⎯⎯⎯⎯⎯⎯⎯⎯⎯⎯[1/9]⎯

 FAIL  src/__tests__/senses/bluebubbles-model.test.ts > normalizeBlueBubblesEvent > normalizes image attachments into explicit fallback text
Error: Cannot find module '/src/senses/bluebubbles-model' imported from '/Users/arimendelow/Projects/ouroboros-agent-harness-bluebubbles/src/__tests__/senses/bluebubbles-model.test.ts'
 ❯ src/__tests__/senses/bluebubbles-model.test.ts:292:43
    290| 
    291|   it("normalizes image attachments into explicit fallback text", async…
    292|     const { normalizeBlueBubblesEvent } = await import("../../senses/b…
       |                                           ^
    293|     const result = normalizeBlueBubblesEvent(dmImagePayload)
    294| 

⎯⎯⎯⎯⎯⎯⎯⎯⎯⎯⎯⎯⎯⎯⎯⎯⎯⎯⎯⎯⎯⎯⎯⎯[2/9]⎯

 FAIL  src/__tests__/senses/bluebubbles-model.test.ts > normalizeBlueBubblesEvent > normalizes audio attachments into explicit fallback text
Error: Cannot find module '/src/senses/bluebubbles-model' imported from '/Users/arimendelow/Projects/ouroboros-agent-harness-bluebubbles/src/__tests__/senses/bluebubbles-model.test.ts'
 ❯ src/__tests__/senses/bluebubbles-model.test.ts:301:43
    299| 
    300|   it("normalizes audio attachments into explicit fallback text", async…
    301|     const { normalizeBlueBubblesEvent } = await import("../../senses/b…
       |                                           ^
    302|     const result = normalizeBlueBubblesEvent(dmAudioPayload)
    303| 

⎯⎯⎯⎯⎯⎯⎯⎯⎯⎯⎯⎯⎯⎯⎯⎯⎯⎯⎯⎯⎯⎯⎯⎯[3/9]⎯

 FAIL  src/__tests__/senses/bluebubbles-model.test.ts > normalizeBlueBubblesEvent > uses threadOriginatorGuid to derive a DM thread session
Error: Cannot find module '/src/senses/bluebubbles-model' imported from '/Users/arimendelow/Projects/ouroboros-agent-harness-bluebubbles/src/__tests__/senses/bluebubbles-model.test.ts'
 ❯ src/__tests__/senses/bluebubbles-model.test.ts:310:43
    308| 
    309|   it("uses threadOriginatorGuid to derive a DM thread session", async …
    310|     const { normalizeBlueBubblesEvent } = await import("../../senses/b…
       |                                           ^
    311|     const result = normalizeBlueBubblesEvent(dmThreadPayload)
    312| 

⎯⎯⎯⎯⎯⎯⎯⎯⎯⎯⎯⎯⎯⎯⎯⎯⎯⎯⎯⎯⎯⎯⎯⎯[4/9]⎯

 FAIL  src/__tests__/senses/bluebubbles-model.test.ts > normalizeBlueBubblesEvent > uses group chat identity plus threadOriginatorGuid for group thread sessions
Error: Cannot find module '/src/senses/bluebubbles-model' imported from '/Users/arimendelow/Projects/ouroboros-agent-harness-bluebubbles/src/__tests__/senses/bluebubbles-model.test.ts'
 ❯ src/__tests__/senses/bluebubbles-model.test.ts:321:43
    319| 
    320|   it("uses group chat identity plus threadOriginatorGuid for group thr…
    321|     const { normalizeBlueBubblesEvent } = await import("../../senses/b…
       |                                           ^
    322|     const result = normalizeBlueBubblesEvent(groupThreadPayload)
    323| 

⎯⎯⎯⎯⎯⎯⎯⎯⎯⎯⎯⎯⎯⎯⎯⎯⎯⎯⎯⎯⎯⎯⎯⎯[5/9]⎯

 FAIL  src/__tests__/senses/bluebubbles-model.test.ts > normalizeBlueBubblesEvent > normalizes associated-message reactions as first-class mutations
Error: Cannot find module '/src/senses/bluebubbles-model' imported from '/Users/arimendelow/Projects/ouroboros-agent-harness-bluebubbles/src/__tests__/senses/bluebubbles-model.test.ts'
 ❯ src/__tests__/senses/bluebubbles-model.test.ts:333:43
    331| 
    332|   it("normalizes associated-message reactions as first-class mutations…
    333|     const { normalizeBlueBubblesEvent } = await import("../../senses/b…
       |                                           ^
    334|     const result = normalizeBlueBubblesEvent(reactionPayload)
    335| 

⎯⎯⎯⎯⎯⎯⎯⎯⎯⎯⎯⎯⎯⎯⎯⎯⎯⎯⎯⎯⎯⎯⎯⎯[6/9]⎯

 FAIL  src/__tests__/senses/bluebubbles-model.test.ts > normalizeBlueBubblesEvent > normalizes edited-message updates as notifyable mutations
Error: Cannot find module '/src/senses/bluebubbles-model' imported from '/Users/arimendelow/Projects/ouroboros-agent-harness-bluebubbles/src/__tests__/senses/bluebubbles-model.test.ts'
 ❯ src/__tests__/senses/bluebubbles-model.test.ts:344:43
    342| 
    343|   it("normalizes edited-message updates as notifyable mutations", asyn…
    344|     const { normalizeBlueBubblesEvent } = await import("../../senses/b…
       |                                           ^
    345|     const result = normalizeBlueBubblesEvent(editedPayload)
    346| 

⎯⎯⎯⎯⎯⎯⎯⎯⎯⎯⎯⎯⎯⎯⎯⎯⎯⎯⎯⎯⎯⎯⎯⎯[7/9]⎯

 FAIL  src/__tests__/senses/bluebubbles-model.test.ts > normalizeBlueBubblesEvent > normalizes unsent-message updates as notifyable mutations
Error: Cannot find module '/src/senses/bluebubbles-model' imported from '/Users/arimendelow/Projects/ouroboros-agent-harness-bluebubbles/src/__tests__/senses/bluebubbles-model.test.ts'
 ❯ src/__tests__/senses/bluebubbles-model.test.ts:355:43
    353| 
    354|   it("normalizes unsent-message updates as notifyable mutations", asyn…
    355|     const { normalizeBlueBubblesEvent } = await import("../../senses/b…
       |                                           ^
    356|     const result = normalizeBlueBubblesEvent(unsentPayload)
    357| 

⎯⎯⎯⎯⎯⎯⎯⎯⎯⎯⎯⎯⎯⎯⎯⎯⎯⎯⎯⎯⎯⎯⎯⎯[8/9]⎯

 FAIL  src/__tests__/senses/bluebubbles-model.test.ts > normalizeBlueBubblesEvent > normalizes read/delivery state changes without dropping them silently
Error: Cannot find module '/src/senses/bluebubbles-model' imported from '/Users/arimendelow/Projects/ouroboros-agent-harness-bluebubbles/src/__tests__/senses/bluebubbles-model.test.ts'
 ❯ src/__tests__/senses/bluebubbles-model.test.ts:365:43
    363| 
    364|   it("normalizes read/delivery state changes without dropping them sil…
    365|     const { normalizeBlueBubblesEvent } = await import("../../senses/b…
       |                                           ^
    366|     const result = normalizeBlueBubblesEvent(readPayload)
    367| 

⎯⎯⎯⎯⎯⎯⎯⎯⎯⎯⎯⎯⎯⎯⎯⎯⎯⎯⎯⎯⎯⎯⎯⎯[9/9]⎯


 Test Files  1 failed (1)
      Tests  9 failed (9)
   Start at  22:40:31
   Duration  179ms (transform 37ms, setup 38ms, import 13ms, tests 15ms, environment 0ms)

