
> @ouro.bot/cli@0.1.0-alpha.4 test
> vitest run --run src/__tests__/senses/bluebubbles.test.ts src/__tests__/senses/bluebubbles-entry.test.ts


 RUN  v4.0.18 /Users/arimendelow/Projects/ouroboros-agent-harness-bluebubbles

 ❯ src/__tests__/senses/bluebubbles.test.ts (5 tests | 5 failed) 14ms
     × handles DM threaded messages with stable session routing and a threaded send target 8ms
     × uses group chat identity rather than sender handle instability for group sessions 2ms
     × runs notifyable mutations but returns explicit non-agent handling for read-only state changes 1ms
     × accepts valid webhook posts and rejects incorrect webhook passwords 1ms
     × starts an HTTP server on the configured BlueBubbles port 1ms
 ❯ src/__tests__/senses/bluebubbles-entry.test.ts (2 tests | 2 failed) 7ms
     × starts the BlueBubbles sense when --agent is present 5ms
     × fails fast when --agent is missing 1ms

⎯⎯⎯⎯⎯⎯⎯ Failed Tests 7 ⎯⎯⎯⎯⎯⎯⎯

 FAIL  src/__tests__/senses/bluebubbles-entry.test.ts > bluebubbles entrypoint > starts the BlueBubbles sense when --agent is present
Error: Cannot find module '/src/senses/bluebubbles-entry' imported from '/Users/arimendelow/Projects/ouroboros-agent-harness-bluebubbles/src/__tests__/senses/bluebubbles-entry.test.ts'
 ❯ src/__tests__/senses/bluebubbles-entry.test.ts:21:5
     19|     ])
     20| 
     21|     await import("../../senses/bluebubbles-entry")
       |     ^
     22|     await Promise.resolve()
     23| 

⎯⎯⎯⎯⎯⎯⎯⎯⎯⎯⎯⎯⎯⎯⎯⎯⎯⎯⎯⎯⎯⎯⎯⎯[1/7]⎯

 FAIL  src/__tests__/senses/bluebubbles-entry.test.ts > bluebubbles entrypoint > fails fast when --agent is missing
Error: Cannot find module '/src/senses/bluebubbles-entry' imported from '/Users/arimendelow/Projects/ouroboros-agent-harness-bluebubbles/src/__tests__/senses/bluebubbles-entry.test.ts'
 ❯ src/__tests__/senses/bluebubbles-entry.test.ts:38:5
     36|     ])
     37| 
     38|     await import("../../senses/bluebubbles-entry")
       |     ^
     39|     await Promise.resolve()
     40| 

⎯⎯⎯⎯⎯⎯⎯⎯⎯⎯⎯⎯⎯⎯⎯⎯⎯⎯⎯⎯⎯⎯⎯⎯[2/7]⎯

 FAIL  src/__tests__/senses/bluebubbles.test.ts > BlueBubbles sense runtime > handles DM threaded messages with stable session routing and a threaded send target
Error: Cannot find module '/src/senses/bluebubbles' imported from '/Users/arimendelow/Projects/ouroboros-agent-harness-bluebubbles/src/__tests__/senses/bluebubbles.test.ts'
 ❯ src/__tests__/senses/bluebubbles.test.ts:324:25
    322| 
    323|   it("handles DM threaded messages with stable session routing and a t…
    324|     const bluebubbles = await import("../../senses/bluebubbles")
       |                         ^
    325|     await bluebubbles.handleBlueBubblesEvent(dmThreadPayload)
    326| 

⎯⎯⎯⎯⎯⎯⎯⎯⎯⎯⎯⎯⎯⎯⎯⎯⎯⎯⎯⎯⎯⎯⎯⎯[3/7]⎯

 FAIL  src/__tests__/senses/bluebubbles.test.ts > BlueBubbles sense runtime > uses group chat identity rather than sender handle instability for group sessions
Error: Cannot find module '/src/senses/bluebubbles' imported from '/Users/arimendelow/Projects/ouroboros-agent-harness-bluebubbles/src/__tests__/senses/bluebubbles.test.ts'
 ❯ src/__tests__/senses/bluebubbles.test.ts:394:25
    392|     })
    393| 
    394|     const bluebubbles = await import("../../senses/bluebubbles")
       |                         ^
    395|     await bluebubbles.handleBlueBubblesEvent(groupThreadPayload)
    396| 

⎯⎯⎯⎯⎯⎯⎯⎯⎯⎯⎯⎯⎯⎯⎯⎯⎯⎯⎯⎯⎯⎯⎯⎯[4/7]⎯

 FAIL  src/__tests__/senses/bluebubbles.test.ts > BlueBubbles sense runtime > runs notifyable mutations but returns explicit non-agent handling for read-only state changes
Error: Cannot find module '/src/senses/bluebubbles' imported from '/Users/arimendelow/Projects/ouroboros-agent-harness-bluebubbles/src/__tests__/senses/bluebubbles.test.ts'
 ❯ src/__tests__/senses/bluebubbles.test.ts:427:25
    425| 
    426|   it("runs notifyable mutations but returns explicit non-agent handlin…
    427|     const bluebubbles = await import("../../senses/bluebubbles")
       |                         ^
    428| 
    429|     const reactionResult = await bluebubbles.handleBlueBubblesEvent(re…

⎯⎯⎯⎯⎯⎯⎯⎯⎯⎯⎯⎯⎯⎯⎯⎯⎯⎯⎯⎯⎯⎯⎯⎯[5/7]⎯

 FAIL  src/__tests__/senses/bluebubbles.test.ts > BlueBubbles sense runtime > accepts valid webhook posts and rejects incorrect webhook passwords
Error: Cannot find module '/src/senses/bluebubbles' imported from '/Users/arimendelow/Projects/ouroboros-agent-harness-bluebubbles/src/__tests__/senses/bluebubbles.test.ts'
 ❯ src/__tests__/senses/bluebubbles.test.ts:452:25
    450| 
    451|   it("accepts valid webhook posts and rejects incorrect webhook passwo…
    452|     const bluebubbles = await import("../../senses/bluebubbles")
       |                         ^
    453|     const handler = bluebubbles.createBlueBubblesWebhookHandler()
    454| 

⎯⎯⎯⎯⎯⎯⎯⎯⎯⎯⎯⎯⎯⎯⎯⎯⎯⎯⎯⎯⎯⎯⎯⎯[6/7]⎯

 FAIL  src/__tests__/senses/bluebubbles.test.ts > BlueBubbles sense runtime > starts an HTTP server on the configured BlueBubbles port
Error: Cannot find module '/src/senses/bluebubbles' imported from '/Users/arimendelow/Projects/ouroboros-agent-harness-bluebubbles/src/__tests__/senses/bluebubbles.test.ts'
 ❯ src/__tests__/senses/bluebubbles.test.ts:483:25
    481| 
    482|   it("starts an HTTP server on the configured BlueBubbles port", async…
    483|     const bluebubbles = await import("../../senses/bluebubbles")
       |                         ^
    484|     bluebubbles.startBlueBubblesApp()
    485| 

⎯⎯⎯⎯⎯⎯⎯⎯⎯⎯⎯⎯⎯⎯⎯⎯⎯⎯⎯⎯⎯⎯⎯⎯[7/7]⎯


 Test Files  2 failed (2)
      Tests  7 failed (7)
   Start at  23:00:56
   Duration  401ms (transform 58ms, setup 50ms, import 41ms, tests 21ms, environment 0ms)

