# Unit 4 Supervisor Log
Captured: 2026-03-05 22:00:07 PST
supervisor_pid=9452

> ouroboros-agent-harness@1.0.0 supervisor
> tsc && node dist/supervisor-entry.js --agents ouroboros,slugger

{"ts":"2026-03-06T06:00:08.457Z","level":"info","event":"supervisor.entry_start","trace_id":"a9ca920e-57ec-44b2-b1b0-58f4841ffbd6","component":"supervisor","message":"starting supervisor entrypoint","meta":{"agents":["ouroboros","slugger"]}}
{"ts":"2026-03-06T06:00:08.458Z","level":"info","event":"supervisor.entry_start","trace_id":"3c53e0d7-2a61-4d15-92e7-73548dc8281d","component":"supervisor","message":"creating agent supervisors","meta":{"agentCount":2}}
{"ts":"2026-03-06T06:00:08.460Z","level":"info","event":"supervisor.worker_started","trace_id":"493e53e5-9af0-4580-b70e-c23d64a486dd","component":"supervisor","message":"inner dialog worker started","meta":{"agent":"ouroboros","pid":9466}}
{"ts":"2026-03-06T06:00:08.461Z","level":"info","event":"supervisor.worker_started","trace_id":"3fc615a0-8637-4eb5-adb5-5e4df0ac0e98","component":"supervisor","message":"inner dialog worker started","meta":{"agent":"slugger","pid":9467}}

## Post-run process check
arimendelow       9466   4.8  0.4 435852720  69680   ??  SN   10:00PM   0:00.27 /opt/homebrew/Cellar/node@22/22.22.0/bin/node /Users/arimendelow/Projects/ouroboros-agent-harness/dist/inner-worker-entry.js --agent ouroboros
arimendelow       9467   0.2  0.6 446331728  94528   ??  SN   10:00PM   0:00.37 /opt/homebrew/Cellar/node@22/22.22.0/bin/node /Users/arimendelow/Projects/ouroboros-agent-harness/dist/inner-worker-entry.js --agent slugger
arimendelow       9465   0.0  0.2 435707728  39344   ??  SN   10:00PM   0:00.06 node dist/supervisor-entry.js --agents ouroboros,slugger

## Cleanup
post_cleanup_processes:
arimendelow       9910   0.0  0.0 435308736   2400   ??  Ss   10:00PM   0:00.01 /bin/zsh -lc SUP=self-perpetuating-working-dir/2026-03-05-2147-doing-gate-8-bundle-independence/unit-4-supervisor.log\012{\012  echo\012  echo "## Cleanup"\012  pkill -f "dist/supervisor-entry.js --agents ouroboros,slugger" 2>/dev/null || true\012  pkill -f "dist/inner-worker-entry.js --agent ouroboros" 2>/dev/null || true\012  pkill -f "dist/inner-worker-entry.js --agent slugger" 2>/dev/null || true\012  sleep 1\012  echo "post_cleanup_processes:"\012  ps aux | rg "dist/(supervisor-entry|inner-worker-entry|cli-entry)" | rg -v "rg dist/(supervisor-entry|inner-worker-entry|cli-entry)" || true\012} >> "$SUP"

## Final process verification
SUPERVISOR:
OURO_WORKER:
SLUGGER_WORKER:
