# Unit 3a Bundle Relocation Log
Captured: 2026-03-05 21:57:02 PST

## Process Precheck
```bash
```

## Pre-move bundle paths
```bash
drwxr-xr-x  8 arimendelow  staff  256 Mar  5 19:57 ouroboros.ouro
drwxr-xr-x  9 arimendelow  staff  288 Mar  5 21:34 slugger.ouro
```

## Post-move bundle paths
```bash
drwxr-xr-x  8 arimendelow  staff  256 Mar  5 19:57 /Users/arimendelow/AgentBundles/ouroboros.ouro
drwxr-xr-x  9 arimendelow  staff  288 Mar  5 21:34 /Users/arimendelow/AgentBundles/slugger.ouro
```

## Nested git verification
```bash
true
true
origin	https://github.com/arimendelow/ouroboros.ouro.git (fetch)
origin	https://github.com/arimendelow/ouroboros.ouro.git (push)
origin	https://github.com/arimendelow/slugger.ouro.git (fetch)
origin	https://github.com/arimendelow/slugger.ouro.git (push)
```

## Harness root after move
```bash
```
