# Unit 3b Hygiene Log
Captured: 2026-03-05 21:58:21 PST

## Pre-change contract check (expected to fail after bundle move)

> ouroboros-agent-harness@1.0.0 test
> vitest run src/__tests__/nerves/bundle-skeleton.contract.test.ts


 RUN  v4.0.18 /Users/arimendelow/Projects/ouroboros-agent-harness

 ❯ src/__tests__/nerves/bundle-skeleton.contract.test.ts (4 tests | 3 failed) 33ms
     × has required structure-only paths for ouroboros and slugger bundles 5ms
     × keeps slugger agent config as a structural stub based on ouroboros template 0ms
     × keeps slugger psyche migration artifacts present and non-placeholder for core files 0ms
     ✓ ignores .ouro bundles in harness git tracking 26ms

⎯⎯⎯⎯⎯⎯⎯ Failed Tests 3 ⎯⎯⎯⎯⎯⎯⎯

 FAIL  src/__tests__/nerves/bundle-skeleton.contract.test.ts > bundle skeleton contract > has required structure-only paths for ouroboros and slugger bundles
AssertionError: expected [ 'ouroboros.ouro/agent.json', …(37) ] to deeply equal []

- Expected
+ Received

- []
+ [
+   "ouroboros.ouro/agent.json",
+   "ouroboros.ouro/teams-app",
+   "ouroboros.ouro/psyche/IDENTITY.md",
+   "ouroboros.ouro/psyche/SOUL.md",
+   "ouroboros.ouro/psyche/ASPIRATIONS.md",
+   "ouroboros.ouro/psyche/FRIENDS.md",
+   "ouroboros.ouro/psyche/LORE.md",
+   "ouroboros.ouro/psyche/TACIT.md",
+   "ouroboros.ouro/psyche/CONTEXT.md",
+   "ouroboros.ouro/psyche/memory/facts.jsonl",
+   "ouroboros.ouro/psyche/memory/entities.json",
+   "ouroboros.ouro/psyche/memory/daily",
+   "ouroboros.ouro/psyche/memory/archive",
+   "ouroboros.ouro/skills/code-review.md",
+   "ouroboros.ouro/skills/self-edit.md",
+   "ouroboros.ouro/skills/self-query.md",
+   "ouroboros.ouro/skills/explain.md",
+   "ouroboros.ouro/skills/toolmaker.md",
+   "ouroboros.ouro/tasks",
+   "slugger.ouro/agent.json",
+   "slugger.ouro/teams-app",
+   "slugger.ouro/psyche/IDENTITY.md",
+   "slugger.ouro/psyche/SOUL.md",
+   "slugger.ouro/psyche/ASPIRATIONS.md",
+   "slugger.ouro/psyche/FRIENDS.md",
+   "slugger.ouro/psyche/LORE.md",
+   "slugger.ouro/psyche/TACIT.md",
+   "slugger.ouro/psyche/CONTEXT.md",
+   "slugger.ouro/psyche/memory/facts.jsonl",
+   "slugger.ouro/psyche/memory/entities.json",
+   "slugger.ouro/psyche/memory/daily",
+   "slugger.ouro/psyche/memory/archive",
+   "slugger.ouro/skills/code-review.md",
+   "slugger.ouro/skills/self-edit.md",
+   "slugger.ouro/skills/self-query.md",
+   "slugger.ouro/skills/explain.md",
+   "slugger.ouro/skills/toolmaker.md",
+   "slugger.ouro/tasks",
+ ]

 ❯ src/__tests__/nerves/bundle-skeleton.contract.test.ts:40:21
     38| 
     39|     const missing = all.filter((relativePath) => !existsSync(join(proc…
     40|     expect(missing).toEqual([])
       |                     ^
     41|   })
     42| 

⎯⎯⎯⎯⎯⎯⎯⎯⎯⎯⎯⎯⎯⎯⎯⎯⎯⎯⎯⎯⎯⎯⎯⎯[1/3]⎯

 FAIL  src/__tests__/nerves/bundle-skeleton.contract.test.ts > bundle skeleton contract > keeps slugger agent config as a structural stub based on ouroboros template
Error: ENOENT: no such file or directory, open '/Users/arimendelow/Projects/ouroboros-agent-harness/ouroboros.ouro/agent.json'
 ❯ src/__tests__/nerves/bundle-skeleton.contract.test.ts:45:7
     43|   it("keeps slugger agent config as a structural stub based on ourobor…
     44|     const ouroborosConfig = JSON.parse(
     45|       readFileSync(join(process.cwd(), "ouroboros.ouro/agent.json"), "…
       |       ^
     46|     ) as Record<string, unknown>
     47|     const sluggerConfig = JSON.parse(

⎯⎯⎯⎯⎯⎯⎯⎯⎯⎯⎯⎯⎯⎯⎯⎯⎯⎯⎯⎯⎯⎯⎯⎯[2/3]⎯

 FAIL  src/__tests__/nerves/bundle-skeleton.contract.test.ts > bundle skeleton contract > keeps slugger psyche migration artifacts present and non-placeholder for core files
Error: ENOENT: no such file or directory, open '/Users/arimendelow/Projects/ouroboros-agent-harness/slugger.ouro/psyche/IDENTITY.md'
 ❯ readPsyche src/__tests__/nerves/bundle-skeleton.contract.test.ts:59:7
     57|   it("keeps slugger psyche migration artifacts present and non-placeho…
     58|     const readPsyche = (file: string): string =>
     59|       readFileSync(join(process.cwd(), "slugger.ouro/psyche", file), "…
       |       ^
     60| 
     61|     expect(readPsyche("IDENTITY.md")).toContain("Name:")
 ❯ src/__tests__/nerves/bundle-skeleton.contract.test.ts:61:12

⎯⎯⎯⎯⎯⎯⎯⎯⎯⎯⎯⎯⎯⎯⎯⎯⎯⎯⎯⎯⎯⎯⎯⎯[3/3]⎯


 Test Files  1 failed (1)
      Tests  3 failed | 1 passed (4)
   Start at  21:58:21
   Duration  193ms (transform 30ms, setup 35ms, import 7ms, tests 33ms, environment 0ms)

pre_change_exit=1

## Post-change contract check (expected pass)

> ouroboros-agent-harness@1.0.0 test
> vitest run src/__tests__/nerves/bundle-skeleton.contract.test.ts


 RUN  v4.0.18 /Users/arimendelow/Projects/ouroboros-agent-harness

 ✓ src/__tests__/nerves/bundle-skeleton.contract.test.ts (4 tests) 7ms

 Test Files  1 passed (1)
      Tests  4 passed (4)
   Start at  21:59:16
   Duration  162ms (transform 30ms, setup 35ms, import 7ms, tests 7ms, environment 0ms)

post_change_exit=0

## Manifest packaging check

> ouroboros-agent-harness@1.0.0 manifest:package
> ROOT=$(pwd) && cd "$HOME/AgentBundles/ouroboros.ouro/teams-app" && zip -r "$ROOT/manifest.zip" manifest.json icon-color.png icon-outline.png

  adding: manifest.json (deflated 63%)
  adding: icon-color.png (deflated 2%)
  adding: icon-outline.png (stored 0%)
manifest_exit=0
-rw-r--r--  1 arimendelow  staff  20311 Mar  5 21:59 manifest.zip
