
 RUN  v4.0.18 /Users/arimendelow/Projects/ouroboros-agent-harness
      Coverage enabled with v8

 ✓ src/__tests__/coding/session-manager-defaults.test.ts (1 test) 22ms
 ✓ src/__tests__/coding/session-manager-branches.test.ts (12 tests) 16ms
 ✓ src/__tests__/coding/spawner-defaults.test.ts (1 test) 7ms
 ✓ src/__tests__/coding/session-manager.test.ts (4 tests) 6ms
 ✓ src/__tests__/coding/spawner.test.ts (3 tests) 5ms
 ✓ src/__tests__/coding/index.test.ts (2 tests) 4ms

 Test Files  6 passed (6)
      Tests  23 passed (23)
   Start at  23:46:09
   Duration  955ms (transform 81ms, setup 82ms, import 62ms, tests 59ms, environment 0ms)

 % Coverage report from v8
------------|---------|----------|---------|---------|-------------------
File        | % Stmts | % Branch | % Funcs | % Lines | Uncovered Line #s 
------------|---------|----------|---------|---------|-------------------
All files   |     100 |      100 |     100 |     100 |                   
 index.ts   |     100 |      100 |     100 |     100 |                   
 manager.ts |     100 |      100 |     100 |     100 |                   
 spawner.ts |     100 |      100 |     100 |     100 |                   
------------|---------|----------|---------|---------|-------------------
