
 RUN  v4.0.18 /Users/arimendelow/Projects/ouroboros-agent-harness

{"ts":"2026-03-06T02:40:19.377Z","level":"info","event":"mind.associative_recall","trace_id":"9f8d5ce3-58fa-40bf-86c6-50db8989a8af","component":"mind","message":"associative recall injected","meta":{"count":1}}
 ✓ src/__tests__/mind/associative-recall.test.ts (2 tests) 4ms
{"ts":"2026-03-06T02:40:19.699Z","level":"warn","event":"config_identity.error","trace_id":"f26580e7-f3a4-48c8-bb63-6b6b5d9caa9b","component":"config/identity","message":"config read failed; defaults applied","meta":{"phase":"loadConfig","reason":"Unexpected end of JSON input"}}
{"ts":"2026-03-06T02:40:19.700Z","level":"info","event":"config.load","trace_id":"10d208d6-4cfb-4830-a459-0b174ebd5b03","component":"config/identity","message":"config loaded from disk","meta":{"source":"disk","used_defaults_only":true}}
{"ts":"2026-03-06T02:40:19.835Z","level":"info","event":"governance.loader_call","trace_id":"7b403f85-0122-4b98-8f2a-b36764b96e92","component":"governance","message":"loading governance docs","meta":{"root":"/mock/repo","count":2}}
{"ts":"2026-03-06T02:40:19.835Z","level":"info","event":"engine.provider_init","trace_id":"a0c64c83-ada1-4f47-9a49-5e6122b8171c","component":"engine","message":"minimax provider init","meta":{"provider":"minimax"}}
{"ts":"2026-03-06T02:40:19.835Z","level":"info","event":"config.load","trace_id":"70869021-ddba-480e-aed7-e241f4c1f108","component":"config/identity","message":"config loaded from cache","meta":{"source":"cache"}}
{"ts":"2026-03-06T02:40:19.835Z","level":"info","event":"engine.turn_start","trace_id":"baca3624-eb41-41d2-8e09-b117ba882857","component":"engine","message":"runAgent turn started","meta":{"channel":"cli","provider":"minimax"}}
{"ts":"2026-03-06T02:40:19.835Z","level":"info","event":"mind.step_start","trace_id":"5a6aa71d-5259-42c7-97b9-1f12dfad9304","component":"mind","message":"buildSystem started","meta":{"channel":"cli","has_context":false,"tool_choice_required":false}}
{"ts":"2026-03-06T02:40:19.836Z","level":"info","event":"channel.capabilities_lookup","trace_id":"49764545-22be-4133-b139-edb615c54d0d","component":"channels","message":"channel capabilities lookup","meta":{"channel":"cli"}}
{"ts":"2026-03-06T02:40:19.836Z","level":"info","event":"mind.step_end","trace_id":"5b2431ae-e379-4169-af25-004e2faa894b","component":"mind","message":"buildSystem completed","meta":{"channel":"cli"}}
{"ts":"2026-03-06T02:40:19.836Z","level":"info","event":"channel.capabilities_lookup","trace_id":"df44d324-61b8-4291-82a9-dc9d0b5ac35e","component":"channels","message":"channel capabilities lookup","meta":{"channel":"cli"}}
{"ts":"2026-03-06T02:40:19.836Z","level":"info","event":"engine.stream_start","trace_id":"27b3e690-d9b5-476d-b238-083552f18b1b","component":"engine","message":"chat completion stream start","meta":{}}
{"ts":"2026-03-06T02:40:19.837Z","level":"info","event":"engine.turn_end","trace_id":"5bdc6acb-2670-4523-a3da-ae7b22dfb30c","component":"engine","message":"runAgent turn completed","meta":{"done":true}}
 ✓ src/__tests__/heart/core.test.ts (207 tests | 206 skipped) 142ms

 Test Files  2 passed (2)
      Tests  3 passed | 206 skipped (209)
   Start at  18:40:19
   Duration  667ms (transform 340ms, setup 52ms, import 227ms, tests 146ms, environment 0ms)

