
 RUN  v4.0.18 /Users/arimendelow/Projects/ouroboros-agent-harness
      Coverage enabled with v8

{"ts":"2026-03-06T02:14:49.728Z","level":"info","event":"mind.memory_extract","trace_id":"6a4deee1-a1b6-4d12-b50e-a4a8b571480c","component":"mind","message":"extracted memory highlights","meta":{"count":2}}
{"ts":"2026-03-06T02:14:49.730Z","level":"info","event":"mind.memory_extract","trace_id":"e168d34f-4bf6-48d0-a98a-46529ba4c462","component":"mind","message":"extracted memory highlights","meta":{"count":1}}
{"ts":"2026-03-06T02:14:49.732Z","level":"info","event":"mind.memory_paths_ready","trace_id":"bec10bbe-5f0e-43d8-acee-a34634d0a96e","component":"mind","message":"memory store paths ready","meta":{"rootDir":"/var/folders/md/_fkq3wc92_z55cgtlrfrcfh40000gn/T/memory-paths-oXygxT"}}
{"ts":"2026-03-06T02:14:49.732Z","level":"info","event":"mind.memory_paths_ready","trace_id":"1a92bc08-fe14-4717-a2f6-1d9b70254e9d","component":"mind","message":"memory store paths ready","meta":{"rootDir":"/var/folders/md/_fkq3wc92_z55cgtlrfrcfh40000gn/T/memory-paths-oXygxT"}}
{"ts":"2026-03-06T02:14:49.733Z","level":"info","event":"mind.memory_paths_ready","trace_id":"bd8e4570-7bdc-49e2-82f6-5235569c0b27","component":"mind","message":"memory store paths ready","meta":{"rootDir":"/var/folders/md/_fkq3wc92_z55cgtlrfrcfh40000gn/T/memory-dedup-HL2ewe"}}
{"ts":"2026-03-06T02:14:49.733Z","level":"info","event":"mind.memory_write","trace_id":"7c7d27ed-5db5-4518-843d-cf54586ddfb5","component":"mind","message":"memory write completed","meta":{"added":1,"skipped":0}}
{"ts":"2026-03-06T02:14:49.733Z","level":"info","event":"mind.memory_write","trace_id":"3464b700-b1c9-4d89-8e59-18445f3162ea","component":"mind","message":"memory write completed","meta":{"added":1,"skipped":1}}
{"ts":"2026-03-06T02:14:49.735Z","level":"info","event":"mind.memory_write","trace_id":"1f6020f4-c528-4e65-bdf4-66b306355cdd","component":"mind","message":"memory write completed","meta":{"added":2,"skipped":0}}
 ✓ src/__tests__/mind/memory.test.ts (5 tests) 8ms

 Test Files  1 passed (1)
      Tests  5 passed (5)
   Start at  18:14:49
   Duration  222ms (transform 44ms, setup 38ms, import 19ms, tests 8ms, environment 0ms)

 % Coverage report from v8
-----------|---------|----------|---------|---------|-------------------
File       | % Stmts | % Branch | % Funcs | % Lines | Uncovered Line #s 
-----------|---------|----------|---------|---------|-------------------
All files  |     100 |      100 |     100 |     100 |                   
 memory.ts |     100 |      100 |     100 |     100 |                   
-----------|---------|----------|---------|---------|-------------------
