
 RUN  v4.0.18 /Users/arimendelow/Projects/ouroboros-agent-harness

{"ts":"2026-03-06T03:09:07.297Z","level":"info","event":"mind.memory_extract","trace_id":"4bf1601c-4ed1-4951-b785-2f53cbed30ba","component":"mind","message":"extracted memory highlights","meta":{"count":2}}
{"ts":"2026-03-06T03:09:07.299Z","level":"info","event":"mind.memory_extract","trace_id":"f28540bf-1428-4fc3-85be-8d2878edacf1","component":"mind","message":"extracted memory highlights","meta":{"count":1}}
{"ts":"2026-03-06T03:09:07.300Z","level":"info","event":"mind.memory_paths_ready","trace_id":"bdcbb9ec-384b-4f9e-a68e-97ffcb77a301","component":"mind","message":"memory store paths ready","meta":{"rootDir":"/var/folders/md/_fkq3wc92_z55cgtlrfrcfh40000gn/T/memory-paths-37ermN"}}
{"ts":"2026-03-06T03:09:07.301Z","level":"info","event":"mind.memory_paths_ready","trace_id":"364cbb9b-68e2-4dd1-b7d2-07e63784e1b9","component":"mind","message":"memory store paths ready","meta":{"rootDir":"/var/folders/md/_fkq3wc92_z55cgtlrfrcfh40000gn/T/memory-paths-37ermN"}}
{"ts":"2026-03-06T03:09:07.301Z","level":"info","event":"mind.memory_paths_ready","trace_id":"61e7c612-9d52-48ae-bf25-34db572d104d","component":"mind","message":"memory store paths ready","meta":{"rootDir":"/var/folders/md/_fkq3wc92_z55cgtlrfrcfh40000gn/T/memory-dedup-N8Hta3"}}
{"ts":"2026-03-06T03:09:07.302Z","level":"info","event":"mind.memory_write","trace_id":"dcc8a225-6c47-4eae-843b-531b5cb92d79","component":"mind","message":"memory write completed","meta":{"added":1,"skipped":0}}
{"ts":"2026-03-06T03:09:07.302Z","level":"info","event":"mind.memory_write","trace_id":"6b38a94b-9735-41d8-84d2-1044d030159f","component":"mind","message":"memory write completed","meta":{"added":1,"skipped":1}}
{"ts":"2026-03-06T03:09:07.304Z","level":"info","event":"mind.memory_write","trace_id":"4a70fb67-4acb-4ed5-8da6-4fb10bc477ef","component":"mind","message":"memory write completed","meta":{"added":2,"skipped":0}}
{"ts":"2026-03-06T03:09:07.305Z","level":"info","event":"mind.memory_write","trace_id":"6d84699e-6f55-403a-a4cb-acf4bf7f0f1e","component":"mind","message":"memory write completed","meta":{"added":1,"skipped":0}}
{"ts":"2026-03-06T03:09:07.306Z","level":"info","event":"mind.memory_paths_ready","trace_id":"734beb75-577d-421f-8513-40febf9d802e","component":"mind","message":"memory store paths ready","meta":{"rootDir":"/var/folders/md/_fkq3wc92_z55cgtlrfrcfh40000gn/T/memory-structures-KYoUxA"}}
{"ts":"2026-03-06T03:09:07.306Z","level":"info","event":"mind.memory_write","trace_id":"1a7ddc9e-4dc2-471c-b381-2d2ae6d8ca94","component":"mind","message":"memory write completed","meta":{"added":2,"skipped":0}}
{"ts":"2026-03-06T03:09:07.307Z","level":"info","event":"mind.memory_paths_ready","trace_id":"05e9c7f8-f984-410a-9a8a-f9bc3a03d321","component":"mind","message":"memory store paths ready","meta":{"rootDir":"/var/folders/md/_fkq3wc92_z55cgtlrfrcfh40000gn/T/memory-entities-malformed-9ZtD1w"}}
{"ts":"2026-03-06T03:09:07.308Z","level":"info","event":"mind.memory_write","trace_id":"8855721d-083b-4c25-b028-cfa0221c9797","component":"mind","message":"memory write completed","meta":{"added":1,"skipped":0}}
{"ts":"2026-03-06T03:09:07.309Z","level":"info","event":"mind.memory_paths_ready","trace_id":"96b1660a-560b-4fc6-b6bb-d4382155ae05","component":"mind","message":"memory store paths ready","meta":{"rootDir":"/var/folders/md/_fkq3wc92_z55cgtlrfrcfh40000gn/T/memory-entities-empty-vn95xv"}}
{"ts":"2026-03-06T03:09:07.310Z","level":"info","event":"mind.memory_write","trace_id":"25d01e12-67b2-4357-8ddb-8ae9bff6a45b","component":"mind","message":"memory write completed","meta":{"added":2,"skipped":0}}
 ✓ src/__tests__/mind/memory.test.ts (10 tests) 14ms

 Test Files  1 passed (1)
      Tests  10 passed (10)
   Start at  19:09:07
   Duration  232ms (transform 78ms, setup 37ms, import 63ms, tests 14ms, environment 0ms)

