
 RUN  v4.0.18 /Users/arimendelow/Projects/ouroboros-agent-harness-daemon-status

[36m17:11:42 INFO [daemon] handling daemon command {"kind":"daemon.start"}[0m
[36m17:11:42 INFO [daemon] starting daemon server {"socketPath":"/var/folders/md/_fkq3wc92_z55cgtlrfrcfh40000gn/T/daemon-start-stop-1772989902574-7eb82dd21825.sock"}[0m
[36m17:11:42 INFO [daemon] handling daemon command {"kind":"daemon.status"}[0m
[36m17:11:42 INFO [daemon] handling daemon command {"kind":"daemon.logs"}[0m
[36m17:11:42 INFO [daemon] handling daemon command {"kind":"chat.connect"}[0m
[36m17:11:42 INFO [daemon] handling daemon command {"kind":"message.send"}[0m
[36m17:11:42 INFO [daemon] handling daemon command {"kind":"message.poll"}[0m
[36m17:11:42 INFO [daemon] handling daemon command {"kind":"task.poke"}[0m
[36m17:11:42 INFO [daemon] handling daemon command {"kind":"hatch.start"}[0m
[36m17:11:42 INFO [daemon] starting daemon server {"socketPath":"/var/folders/md/_fkq3wc92_z55cgtlrfrcfh40000gn/T/daemon-socket-integration-1772989902585-1b0e614763a81.sock"}[0m
[36m17:11:42 INFO [daemon] handling daemon command {"kind":"daemon.status"}[0m
[36m17:11:42 INFO [daemon] stopping daemon server {"socketPath":"/var/folders/md/_fkq3wc92_z55cgtlrfrcfh40000gn/T/daemon-socket-integration-1772989902585-1b0e614763a81.sock"}[0m
[36m17:11:42 INFO [daemon] starting daemon server {"socketPath":"/var/folders/md/_fkq3wc92_z55cgtlrfrcfh40000gn/T/daemon-pending-drain-1772989902588-f4628a336993a.sock"}[0m
[36m17:11:42 INFO [daemon] stopping daemon server {"socketPath":"/var/folders/md/_fkq3wc92_z55cgtlrfrcfh40000gn/T/daemon-pending-drain-1772989902588-f4628a336993a.sock"}[0m
[36m17:11:42 INFO [daemon] handling daemon command {"kind":"unknown"}[0m
[36m17:11:42 INFO [daemon] stopping daemon server {"socketPath":"/var/folders/md/_fkq3wc92_z55cgtlrfrcfh40000gn/T/daemon-stop-no-server-1772989902591-e1892042194b1.sock"}[0m
[36m17:11:42 INFO [daemon] handling daemon command {"kind":"daemon.health"}[0m
[36m17:11:42 INFO [daemon] handling daemon command {"kind":"agent.start"}[0m
[36m17:11:42 INFO [daemon] handling daemon command {"kind":"agent.stop"}[0m
[36m17:11:42 INFO [daemon] handling daemon command {"kind":"agent.restart"}[0m
[36m17:11:42 INFO [daemon] handling daemon command {"kind":"cron.list"}[0m
[36m17:11:42 INFO [daemon] handling daemon command {"kind":"cron.list"}[0m
[36m17:11:42 INFO [daemon] handling daemon command {"kind":"cron.list"}[0m
[36m17:11:42 INFO [daemon] handling daemon command {"kind":"cron.trigger"}[0m
[36m17:11:42 INFO [daemon] starting daemon server {"socketPath":"/var/folders/md/_fkq3wc92_z55cgtlrfrcfh40000gn/T/daemon-pending-invalid-1772989902593-9774346b5a98f.sock"}[0m
[36m17:11:42 INFO [daemon] stopping daemon server {"socketPath":"/var/folders/md/_fkq3wc92_z55cgtlrfrcfh40000gn/T/daemon-pending-invalid-1772989902593-9774346b5a98f.sock"}[0m
[36m17:11:42 INFO [daemon] starting daemon server {"socketPath":"/var/folders/md/_fkq3wc92_z55cgtlrfrcfh40000gn/T/daemon-unreadable-bundles-1772989902594-275dade6f3f52.sock"}[0m
[36m17:11:42 INFO [daemon] stopping daemon server {"socketPath":"/var/folders/md/_fkq3wc92_z55cgtlrfrcfh40000gn/T/daemon-unreadable-bundles-1772989902594-275dade6f3f52.sock"}[0m
[36m17:11:42 INFO [daemon] starting daemon server {"socketPath":"/var/folders/md/_fkq3wc92_z55cgtlrfrcfh40000gn/T/daemon-missing-bundles-1772989902595-c26a66e4874ee.sock"}[0m
[36m17:11:42 INFO [daemon] stopping daemon server {"socketPath":"/var/folders/md/_fkq3wc92_z55cgtlrfrcfh40000gn/T/daemon-missing-bundles-1772989902595-c26a66e4874ee.sock"}[0m
[36m17:11:42 INFO [daemon] starting daemon server {"socketPath":"/var/folders/md/_fkq3wc92_z55cgtlrfrcfh40000gn/T/daemon-skip-non-bundles-1772989902596-88a542db25f6e.sock"}[0m
[36m17:11:42 INFO [daemon] stopping daemon server {"socketPath":"/var/folders/md/_fkq3wc92_z55cgtlrfrcfh40000gn/T/daemon-skip-non-bundles-1772989902596-88a542db25f6e.sock"}[0m
 тЭп src/__tests__/heart/daemon/daemon-command-plane-branches.test.ts (12 tests | 2 failed) 25ms
     ├Ч handles daemon start/stop and socket lifecycle 8ms
     ├Ч returns structured status data with separate senses and workers 2ms
     тЬУ handles logs, chat connect, message, task poke, and hatch commands 2ms
     тЬУ returns protocol errors for malformed payloads 0ms
     тЬУ stringifies non-Error throw values from command handling 0ms
     тЬУ serves socket requests and can be started twice safely 3ms
     тЬУ drains pending inbox fallback files on daemon start 2ms
     тЬУ returns unknown-command error for unsupported kinds 0ms
     тЬУ stops cleanly when server was never started 1ms
     тЬУ handles health, agent lifecycle, and cron commands 1ms
     тЬУ retains malformed pending lines and tolerates unreadable bundle roots 3ms
     тЬУ skips non-bundle directories and bundle dirs without pending files 1ms
 тЭп src/__tests__/heart/daemon/daemon-entry.test.ts (3 tests | 1 failed) 44ms
     ├Ч boots daemon with default socket and wires signal handlers 39ms
     тЬУ emits error and exits when daemon start fails 3ms
     тЬУ falls back to default socket when --socket value is blank 2ms

тОптОптОптОптОптОптОп Failed Tests 3 тОптОптОптОптОптОптОп

 FAIL  src/__tests__/heart/daemon/daemon-command-plane-branches.test.ts > daemon command plane branches > handles daemon start/stop and socket lifecycle
AssertionError: expected "vi.fn()" to be called 1 times, but got 0 times
 тЭп src/__tests__/heart/daemon/daemon-command-plane-branches.test.ts:86:47
     84|     expect(started).toEqual({ ok: true, message: "daemon started" })
     85|     expect(processManager.startAutoStartAgents).toHaveBeenCalledTimes(тАж
     86|     expect(senseManager.startAutoStartSenses).toHaveBeenCalledTimes(1)
       |                                               ^
     87|     expect(fs.existsSync(socketPath)).toBe(true)
     88| 

тОптОптОптОптОптОптОптОптОптОптОптОптОптОптОптОптОптОптОптОптОптОптОптОп[1/3]тОп

 FAIL  src/__tests__/heart/daemon/daemon-command-plane-branches.test.ts > daemon command plane branches > returns structured status data with separate senses and workers
AssertionError: expected [] to deeply equal { overview: ObjectContaining{тАж}, тАж(2) }

- Expected: 
{
  "overview": ObjectContaining {
    "daemon": "running",
    "senseCount": 0,
    "workerCount": 0,
  },
  "senses": [],
  "workers": [],
}

+ Received: 
[]

 тЭп src/__tests__/heart/daemon/daemon-command-plane-branches.test.ts:101:30
     99| 
    100|     const emptyStatus = await daemon.handleCommand({ kind: "daemon.staтАж
    101|     expect(emptyStatus.data).toEqual({
       |                              ^
    102|       overview: expect.objectContaining({
    103|         daemon: "running",

тОптОптОптОптОптОптОптОптОптОптОптОптОптОптОптОптОптОптОптОптОптОптОптОп[2/3]тОп

 FAIL  src/__tests__/heart/daemon/daemon-entry.test.ts > daemon entrypoint > boots daemon with default socket and wires signal handlers
AssertionError: expected "vi.fn()" to be called 1 times, but got 0 times
 тЭп src/__tests__/heart/daemon/daemon-entry.test.ts:68:30
     66|     expect(configureDaemonRuntimeLogger).toHaveBeenCalledWith("daemon")
     67|     expect(processManagerCtor).toHaveBeenCalledTimes(1)
     68|     expect(senseManagerCtor).toHaveBeenCalledTimes(1)
       |                              ^
     69|     expect(daemonCtor).toHaveBeenCalledTimes(1)
     70| 

тОптОптОптОптОптОптОптОптОптОптОптОптОптОптОптОптОптОптОптОптОптОптОптОп[3/3]тОп


 Test Files  2 failed (2)
      Tests  3 failed | 12 passed (15)
   Start at  10:11:42
   Duration  376ms (transform 91ms, setup 45ms, import 47ms, tests 69ms, environment 0ms)

