
 RUN  v4.0.18 /Users/arimendelow/Projects/ouroboros-agent-harness-daemon-status
      Coverage enabled with v8

 ✓ src/__tests__/mind/prompt.test.ts (80 tests) 380ms
 ✓ src/__tests__/heart/daemon/daemon-cli-defaults.test.ts (22 tests) 235ms
 ✓ src/__tests__/mind/session-summary.test.ts (14 tests) 99ms
 ✓ src/__tests__/heart/daemon/daemon-cli.test.ts (70 tests) 27ms

 Test Files  4 passed (4)
      Tests  186 passed (186)
   Start at  10:50:34
   Duration  1.60s (transform 345ms, setup 59ms, import 213ms, tests 740ms, environment 0ms)

 % Coverage report from v8
----------------|---------|----------|---------|---------|-------------------
File            | % Stmts | % Branch | % Funcs | % Lines | Uncovered Line #s 
----------------|---------|----------|---------|---------|-------------------
All files       |     100 |      100 |     100 |     100 |                   
 heart/daemon   |     100 |      100 |     100 |     100 |                   
  daemon-cli.ts |     100 |      100 |     100 |     100 |                   
 mind           |     100 |      100 |     100 |     100 |                   
  prompt.ts     |     100 |      100 |     100 |     100 |                   
----------------|---------|----------|---------|---------|-------------------
