
 RUN  v4.0.18 /Users/arimendelow/Projects/ouroboros-agent-harness-daemon-status
      Coverage enabled with v8

 ✓ src/__tests__/heart/daemon/sense-manager.test.ts (8 tests) 54ms
 ✓ src/__tests__/heart/daemon/daemon-entry.test.ts (3 tests) 51ms
 ✓ src/__tests__/heart/daemon/daemon-command-plane-branches.test.ts (13 tests) 23ms
 ✓ src/__tests__/heart/daemon/process-manager.test.ts (20 tests) 17ms

 Test Files  4 passed (4)
      Tests  44 passed (44)
   Start at  10:31:55
   Duration  866ms (transform 141ms, setup 66ms, import 81ms, tests 145ms, environment 0ms)

 % Coverage report from v8
-------------------|---------|----------|---------|---------|-------------------
File               | % Stmts | % Branch | % Funcs | % Lines | Uncovered Line #s 
-------------------|---------|----------|---------|---------|-------------------
All files          |     100 |      100 |     100 |     100 |                   
 daemon-entry.ts   |     100 |      100 |     100 |     100 |                   
 daemon.ts         |     100 |      100 |     100 |     100 |                   
 ...ess-manager.ts |     100 |      100 |     100 |     100 |                   
 sense-manager.ts  |     100 |      100 |     100 |     100 |                   
-------------------|---------|----------|---------|---------|-------------------
