
 RUN  v4.0.18 /Users/arimendelow/Projects/ouroboros-agent-harness
      Coverage enabled with v8

{"ts":"2026-03-06T01:47:37.808Z","level":"info","event":"repertoire.load_start","trace_id":"16f08d03-f644-4cb1-9241-14a8f9758e96","component":"repertoire","message":"listing skills","meta":{"operation":"listSkills"}}
{"ts":"2026-03-06T01:47:37.810Z","level":"info","event":"repertoire.load_end","trace_id":"23ea1e02-1ea1-4e36-a761-5aba6504888d","component":"repertoire","message":"listed skills","meta":{"operation":"listSkills","count":0}}
{"ts":"2026-03-06T01:47:37.811Z","level":"info","event":"repertoire.load_start","trace_id":"b2b360e7-41fc-4875-858c-a5635e7036cb","component":"repertoire","message":"listing skills","meta":{"operation":"listSkills"}}
{"ts":"2026-03-06T01:47:37.811Z","level":"info","event":"repertoire.load_end","trace_id":"d8033926-bd53-4eb5-a1cd-8221c70d01b2","component":"repertoire","message":"listed skills","meta":{"operation":"listSkills","count":0}}
{"ts":"2026-03-06T01:47:37.812Z","level":"info","event":"repertoire.load_start","trace_id":"45917a6e-9112-4612-8814-7ccb8a52f82d","component":"repertoire","message":"listing skills","meta":{"operation":"listSkills"}}
{"ts":"2026-03-06T01:47:37.812Z","level":"info","event":"repertoire.load_end","trace_id":"8c9f9cfd-430e-4754-990f-f4699cacb154","component":"repertoire","message":"listed skills","meta":{"operation":"listSkills","count":3}}
{"ts":"2026-03-06T01:47:37.813Z","level":"info","event":"repertoire.load_start","trace_id":"51f44f07-4c34-43c0-8ccd-27c0dbe608a5","component":"repertoire","message":"listing skills","meta":{"operation":"listSkills"}}
{"ts":"2026-03-06T01:47:37.813Z","level":"info","event":"repertoire.load_end","trace_id":"1f3be8a1-8c85-4c2f-9811-4c44c227e9ee","component":"repertoire","message":"listed skills","meta":{"operation":"listSkills","count":2}}
{"ts":"2026-03-06T01:47:37.813Z","level":"info","event":"repertoire.load_start","trace_id":"2100007c-9734-4d02-bd19-60943675e2e9","component":"repertoire","message":"listing skills","meta":{"operation":"listSkills"}}
{"ts":"2026-03-06T01:47:37.813Z","level":"info","event":"repertoire.load_end","trace_id":"76f4d588-268d-4746-a2c2-374312d0f8ea","component":"repertoire","message":"listed skills","meta":{"operation":"listSkills","count":1}}
{"ts":"2026-03-06T01:47:37.814Z","level":"info","event":"repertoire.load_start","trace_id":"30947565-1056-461c-9851-4afc69b853b7","component":"repertoire","message":"listing skills","meta":{"operation":"listSkills"}}
{"ts":"2026-03-06T01:47:37.814Z","level":"info","event":"repertoire.load_end","trace_id":"ae3952af-ebb1-4226-9edd-28b41c7f6ad0","component":"repertoire","message":"listed skills","meta":{"operation":"listSkills","count":1}}
{"ts":"2026-03-06T01:47:37.815Z","level":"info","event":"repertoire.load_start","trace_id":"6e4e423a-8d5b-4c18-aba4-2b96c438a8f8","component":"repertoire","message":"listing skills","meta":{"operation":"listSkills"}}
{"ts":"2026-03-06T01:47:37.815Z","level":"info","event":"repertoire.load_end","trace_id":"f1d1deff-a9e4-4169-8db9-2ab1c6bcfc4b","component":"repertoire","message":"listed skills","meta":{"operation":"listSkills","count":3}}
{"ts":"2026-03-06T01:47:37.816Z","level":"info","event":"repertoire.load_start","trace_id":"666d4af3-9fbe-4739-82cd-2a946b75cc0c","component":"repertoire","message":"loading skill","meta":{"operation":"loadSkill","skill":"my-skill"}}
{"ts":"2026-03-06T01:47:37.816Z","level":"info","event":"repertoire.load_end","trace_id":"6fdc070a-7dca-4eb4-9f2e-ad778498dc73","component":"repertoire","message":"loaded skill","meta":{"operation":"loadSkill","skill":"my-skill","path":"/mock/repo/testagent/skills/my-skill.md"}}
{"ts":"2026-03-06T01:47:37.817Z","level":"info","event":"repertoire.load_start","trace_id":"cfa16ac1-047e-43d1-901d-060dc3d74ec0","component":"repertoire","message":"loading skill","meta":{"operation":"loadSkill","skill":"nonexistent"}}
{"ts":"2026-03-06T01:47:37.817Z","level":"error","event":"repertoire.error","trace_id":"b84de709-f504-4eaf-8e45-78e9b78b182a","component":"repertoire","message":"skill not found","meta":{"operation":"loadSkill","skill":"nonexistent","checkedPaths":["/mock/repo/testagent/skills/nonexistent.md","/mock/repo/testagent/skills/protocols/nonexistent.md","/mock/repo/subagents/nonexistent.md"]}}
{"ts":"2026-03-06T01:47:37.817Z","level":"info","event":"repertoire.load_start","trace_id":"1d205591-6ae8-492b-90dc-6b79c6bc8c45","component":"repertoire","message":"loading skill","meta":{"operation":"loadSkill","skill":"tracked-skill"}}
{"ts":"2026-03-06T01:47:37.817Z","level":"info","event":"repertoire.load_end","trace_id":"68a62547-b881-477e-99ac-cbecb88472bb","component":"repertoire","message":"loaded skill","meta":{"operation":"loadSkill","skill":"tracked-skill","path":"/mock/repo/testagent/skills/tracked-skill.md"}}
{"ts":"2026-03-06T01:47:37.818Z","level":"info","event":"repertoire.load_start","trace_id":"a1cfa55e-29de-4584-bf4d-ba95e1587543","component":"repertoire","message":"loading skill","meta":{"operation":"loadSkill","skill":"dup-skill"}}
{"ts":"2026-03-06T01:47:37.818Z","level":"info","event":"repertoire.load_end","trace_id":"b63a992c-df3e-4c05-a8c9-fbf3b539b7c9","component":"repertoire","message":"loaded skill","meta":{"operation":"loadSkill","skill":"dup-skill","path":"/mock/repo/testagent/skills/dup-skill.md"}}
{"ts":"2026-03-06T01:47:37.818Z","level":"info","event":"repertoire.load_start","trace_id":"f1a7ebc5-ceea-4101-ac25-037f5cc0dcb4","component":"repertoire","message":"loading skill","meta":{"operation":"loadSkill","skill":"dup-skill"}}
{"ts":"2026-03-06T01:47:37.818Z","level":"info","event":"repertoire.load_end","trace_id":"5384da92-2d17-4974-91bc-673fa16e5b09","component":"repertoire","message":"loaded skill","meta":{"operation":"loadSkill","skill":"dup-skill","path":"/mock/repo/testagent/skills/dup-skill.md"}}
{"ts":"2026-03-06T01:47:37.819Z","level":"info","event":"repertoire.load_start","trace_id":"56cb8919-dcc7-44bf-bd6b-5d4d1afcf930","component":"repertoire","message":"loading skill","meta":{"operation":"loadSkill","skill":"my-skill"}}
{"ts":"2026-03-06T01:47:37.819Z","level":"info","event":"repertoire.load_end","trace_id":"037114e0-6135-4f99-8b31-5ce8b538d7e5","component":"repertoire","message":"loaded skill","meta":{"operation":"loadSkill","skill":"my-skill","path":"/mock/repo/testagent/skills/my-skill.md"}}
{"ts":"2026-03-06T01:47:37.819Z","level":"info","event":"repertoire.load_start","trace_id":"b980cbc9-bfe7-48f0-b384-53db5d64ab9f","component":"repertoire","message":"loading skill","meta":{"operation":"loadSkill","skill":"work-planner"}}
{"ts":"2026-03-06T01:47:37.819Z","level":"info","event":"repertoire.load_end","trace_id":"b3300fc1-76ab-4ece-b71d-0b81b1656c8f","component":"repertoire","message":"loaded skill","meta":{"operation":"loadSkill","skill":"work-planner","path":"/mock/repo/testagent/skills/protocols/work-planner.md"}}
{"ts":"2026-03-06T01:47:37.820Z","level":"info","event":"repertoire.load_start","trace_id":"f7f32ab7-8c0d-4b1d-9836-be052e243ffe","component":"repertoire","message":"loading skill","meta":{"operation":"loadSkill","skill":"work-doer"}}
{"ts":"2026-03-06T01:47:37.820Z","level":"warn","event":"repertoire.error","trace_id":"f5ed2d62-ecde-44b2-85bc-0e1e5eee01e4","component":"repertoire","message":"protocol mirror missing; using canonical fallback","meta":{"operation":"loadSkill","skill":"work-doer","mirrorPath":"/mock/repo/testagent/skills/protocols/work-doer.md","canonicalPath":"/mock/repo/subagents/work-doer.md"}}
{"ts":"2026-03-06T01:47:37.820Z","level":"info","event":"repertoire.load_end","trace_id":"9020f071-3cd8-4423-b04e-9e74e78cc0ed","component":"repertoire","message":"loaded skill","meta":{"operation":"loadSkill","skill":"work-doer","path":"/mock/repo/subagents/work-doer.md"}}
{"ts":"2026-03-06T01:47:37.820Z","level":"info","event":"repertoire.load_start","trace_id":"14ffe6db-19a6-409c-bf93-305f26a2c158","component":"repertoire","message":"loading skill","meta":{"operation":"loadSkill","skill":"work-merger"}}
{"ts":"2026-03-06T01:47:37.820Z","level":"error","event":"repertoire.error","trace_id":"9ae62458-a267-417e-a0a2-7a1c8a528cde","component":"repertoire","message":"skill not found","meta":{"operation":"loadSkill","skill":"work-merger","checkedPaths":["/mock/repo/testagent/skills/work-merger.md","/mock/repo/testagent/skills/protocols/work-merger.md","/mock/repo/subagents/work-merger.md"]}}
{"ts":"2026-03-06T01:47:37.820Z","level":"info","event":"repertoire.load_start","trace_id":"c18178bb-2e2b-43a8-829c-337e13dc1f2d","component":"repertoire","message":"loading skill","meta":{"operation":"loadSkill","skill":"work-merger"}}
{"ts":"2026-03-06T01:47:37.820Z","level":"error","event":"repertoire.error","trace_id":"57fafe31-b823-42e5-9389-dd446ae75b5b","component":"repertoire","message":"skill not found","meta":{"operation":"loadSkill","skill":"work-merger","checkedPaths":["/mock/repo/testagent/skills/work-merger.md","/mock/repo/testagent/skills/protocols/work-merger.md","/mock/repo/subagents/work-merger.md"]}}
{"ts":"2026-03-06T01:47:37.821Z","level":"info","event":"repertoire.load_start","trace_id":"3f1e07d4-8167-43f9-ab24-6d01b47a02cd","component":"repertoire","message":"loading skill","meta":{"operation":"loadSkill","skill":"skill-a"}}
{"ts":"2026-03-06T01:47:37.821Z","level":"info","event":"repertoire.load_end","trace_id":"d2677559-d310-4b7e-b9c7-8b4dc143e26c","component":"repertoire","message":"loaded skill","meta":{"operation":"loadSkill","skill":"skill-a","path":"/mock/repo/testagent/skills/skill-a.md"}}
{"ts":"2026-03-06T01:47:37.822Z","level":"info","event":"repertoire.load_start","trace_id":"22c50c2c-af4c-4fe6-a343-357710568574","component":"repertoire","message":"loading skill","meta":{"operation":"loadSkill","skill":"skill-x"}}
{"ts":"2026-03-06T01:47:37.822Z","level":"info","event":"repertoire.load_end","trace_id":"f8c24213-ac29-41a9-9e69-ad60b5aee5f6","component":"repertoire","message":"loaded skill","meta":{"operation":"loadSkill","skill":"skill-x","path":"/mock/repo/testagent/skills/skill-x.md"}}
{"ts":"2026-03-06T01:47:37.822Z","level":"info","event":"repertoire.load_start","trace_id":"ae615fbf-6bc7-41d8-a5ad-eee9b18e28aa","component":"repertoire","message":"loading skill","meta":{"operation":"loadSkill","skill":"skill-y"}}
{"ts":"2026-03-06T01:47:37.822Z","level":"info","event":"repertoire.load_end","trace_id":"bcc6f7a7-1c23-4848-8fdd-9c0a8a4fa528","component":"repertoire","message":"loaded skill","meta":{"operation":"loadSkill","skill":"skill-y","path":"/mock/repo/testagent/skills/skill-y.md"}}
 ✓ src/__tests__/repertoire/skills.test.ts (21 tests) 36ms

 Test Files  1 passed (1)
      Tests  21 passed (21)
   Start at  17:47:37
   Duration  262ms (transform 63ms, setup 38ms, import 27ms, tests 36ms, environment 0ms)

 % Coverage report from v8
-----------|---------|----------|---------|---------|-------------------
File       | % Stmts | % Branch | % Funcs | % Lines | Uncovered Line #s 
-----------|---------|----------|---------|---------|-------------------
All files  |     100 |      100 |     100 |     100 |                   
 skills.ts |     100 |      100 |     100 |     100 |                   
-----------|---------|----------|---------|---------|-------------------
