
 RUN  v4.0.18 /Users/arimendelow/Projects/ouroboros-agent-harness
      Coverage enabled with v8

{"ts":"2026-03-06T05:56:01.466Z","level":"info","event":"identity.resolve","trace_id":"dbf22ebb-6c11-4c37-83e7-0e5d75e9b84a","component":"config/identity","message":"resolved agent name from argv","meta":{"source":"argv"}}
{"ts":"2026-03-06T05:56:01.468Z","level":"info","event":"identity.resolve","trace_id":"3e60f23e-e094-4633-aaf6-804987d27abe","component":"config/identity","message":"resolved agent name from argv","meta":{"source":"argv"}}
{"ts":"2026-03-06T05:56:01.469Z","level":"info","event":"identity.resolve","trace_id":"3697d88f-8248-4980-8421-14810d7c0d07","component":"config/identity","message":"resolved agent name from argv","meta":{"source":"argv"}}
{"ts":"2026-03-06T05:56:01.469Z","level":"info","event":"identity.resolve","trace_id":"333ac35f-e483-4443-81bb-6e93e2b2e958","component":"config/identity","message":"resolved agent name from cache","meta":{"source":"cache"}}
{"ts":"2026-03-06T05:56:01.471Z","level":"info","event":"identity.resolve","trace_id":"e48c812b-ca1f-431a-a8cf-63eadc2ec926","component":"config/identity","message":"resolved agent name from argv","meta":{"source":"argv"}}
{"ts":"2026-03-06T05:56:01.471Z","level":"info","event":"identity.resolve","trace_id":"6fb38bde-e258-4ea8-8cd6-aea3c1173f02","component":"config/identity","message":"resolved agent name from argv","meta":{"source":"argv"}}
{"ts":"2026-03-06T05:56:01.472Z","level":"info","event":"identity.resolve","trace_id":"7202722c-e7e0-44ed-a74a-8292f4315cf8","component":"config/identity","message":"resolved agent name from argv","meta":{"source":"argv"}}
{"ts":"2026-03-06T05:56:01.472Z","level":"info","event":"identity.resolve","trace_id":"fc0b0b25-6e87-425f-a82a-a36dadc96946","component":"config/identity","message":"loaded agent config from disk","meta":{"source":"disk"}}
{"ts":"2026-03-06T05:56:01.473Z","level":"info","event":"identity.resolve","trace_id":"97c5e0bf-2595-4f0f-83d6-91ae932b5fae","component":"config/identity","message":"resolved agent name from argv","meta":{"source":"argv"}}
{"ts":"2026-03-06T05:56:01.473Z","level":"warn","event":"config_identity.error","trace_id":"f5aeea7c-844e-4dc8-9605-a58bedcc3882","component":"config/identity","message":"agent config missing phrase pools; placeholders applied","meta":{"path":"/Users/arimendelow/AgentBundles/ouroboros.ouro/agent.json"}}
{"ts":"2026-03-06T05:56:01.473Z","level":"info","event":"identity.resolve","trace_id":"7a207170-4d15-46ad-bd39-0ce2fdfcf9c2","component":"config/identity","message":"loaded agent config from disk","meta":{"source":"disk"}}
 ✓ src/__tests__/identity.test.ts (28 tests) 24ms

 Test Files  1 passed (1)
      Tests  28 passed (28)
   Start at  21:56:01
   Duration  225ms (transform 53ms, setup 29ms, import 31ms, tests 24ms, environment 0ms)

 % Coverage report from v8
-------------|---------|----------|---------|---------|-------------------
File         | % Stmts | % Branch | % Funcs | % Lines | Uncovered Line #s 
-------------|---------|----------|---------|---------|-------------------
All files    |     100 |      100 |     100 |     100 |                   
 identity.ts |     100 |      100 |     100 |     100 |                   
-------------|---------|----------|---------|---------|-------------------
